{
  "stats": {
    "suites": 1,
    "tests": 2,
    "passes": 2,
    "pending": 0,
    "failures": 0,
    "start": "2022-07-03T13:30:50.987Z",
    "end": "2022-07-03T13:31:00.248Z",
    "duration": 9261,
    "testsRegistered": 2,
    "passPercent": 100,
    "pendingPercent": 0,
    "other": 0,
    "hasOther": false,
    "skipped": 0,
    "hasSkipped": false
  },
  "results": [
    {
      "uuid": "2f549a20-3767-4b23-b81d-c4f19302ea58",
      "title": "",
      "fullFile": "cypress\\e2e\\PortalWeb\\demo.spec.ts",
      "file": "cypress\\e2e\\PortalWeb\\demo.spec.ts",
      "beforeHooks": [],
      "afterHooks": [],
      "tests": [],
      "suites": [
        {
          "uuid": "3d90f197-ddb8-4dac-a6f5-29f647c4f5f3",
          "title": "test demo",
          "fullFile": "",
          "file": "",
          "beforeHooks": [],
          "afterHooks": [],
          "tests": [
            {
              "title": "Login to Portal",
              "fullTitle": "test demo Login to Portal",
              "timedOut": null,
              "duration": 5875,
              "state": "passed",
              "speed": "medium",
              "pass": true,
              "fail": false,
              "pending": false,
              "context": null,
              "code": "BasePage_pom_1.basePage.goToPortalWeb();\nLoginPage_pom_1.loginPage.login(\"dev+master@simplysakal.asia\", \"Admin123\");",
              "err": {},
              "uuid": "8ea28b99-37cf-4cbd-83a6-9e9aa2de5678",
              "parentUUID": "3d90f197-ddb8-4dac-a6f5-29f647c4f5f3",
              "isHook": false,
              "skipped": false
            },
            {
              "title": "Navigate to service request",
              "fullTitle": "test demo Navigate to service request",
              "timedOut": null,
              "duration": 412,
              "state": "passed",
              "speed": "fast",
              "pass": true,
              "fail": false,
              "pending": false,
              "context": null,
              "code": "NavBar_pom_1.navBar.getServiceRequestMenu().click();",
              "err": {},
              "uuid": "7e392fc4-cda1-4f25-9779-df29ca0d8f8f",
              "parentUUID": "3d90f197-ddb8-4dac-a6f5-29f647c4f5f3",
              "isHook": false,
              "skipped": false
            }
          ],
          "suites": [],
          "passes": [
            "8ea28b99-37cf-4cbd-83a6-9e9aa2de5678",
            "7e392fc4-cda1-4f25-9779-df29ca0d8f8f"
          ],
          "failures": [],
          "pending": [],
          "skipped": [],
          "duration": 6287,
          "root": false,
          "rootEmpty": false,
          "_timeout": 2000
        }
      ],
      "passes": [],
      "failures": [],
      "pending": [],
      "skipped": [],
      "duration": 0,
      "root": true,
      "rootEmpty": true,
      "_timeout": 2000
    }
  ],
  "meta": {
    "mocha": {
      "version": "7.0.1"
    },
    "mochawesome": {
      "options": {
        "quiet": false,
        "reportFilename": "mochawesome",
        "saveHtml": false,
        "saveJson": true,
        "consoleReporter": "spec",
        "useInlineDiffs": false,
        "code": true
      },
      "version": "7.1.3"
    },
    "marge": {
      "options": {
        "overwrite": false,
        "html": false,
        "json": true,
        "reportDir": "cypress\\reports\\html\\.jsons"
      },
      "version": "6.2.0"
    }
  }
}